#0 building with "default" instance using docker driver

#1 [internal] load build definition from Dockerfile
#1 transferring dockerfile: 1.38kB done
#1 DONE 0.0s

#2 [internal] load metadata for docker.io/nvidia/cuda:12.4.1-devel-ubuntu22.04
#2 DONE 1.1s

#3 [internal] load .dockerignore
#3 transferring context: 2B done
#3 DONE 0.0s

#4 [internal] load build context
#4 DONE 0.0s

#5 [ 1/10] FROM docker.io/nvidia/cuda:12.4.1-devel-ubuntu22.04@sha256:da6791294b0b04d7e65d87b7451d6f2390b4d36225ab0701ee7dfec5769829f5
#5 resolve docker.io/nvidia/cuda:12.4.1-devel-ubuntu22.04@sha256:da6791294b0b04d7e65d87b7451d6f2390b4d36225ab0701ee7dfec5769829f5 0.1s done
#5 DONE 0.1s

#4 [internal] load build context
#4 transferring context: 496.40MB 4.9s
#4 transferring context: 1.12GB 9.9s
#4 transferring context: 1.65GB 15.0s
#4 transferring context: 2.06GB 20.1s
#4 transferring context: 2.32GB 24.0s done
#4 DONE 25.1s

#6 [ 2/10] RUN apt-get update && apt-get install -y     python3     python3-pip     python3-dev     git     wget     build-essential     libssl-dev     libffi-dev     cmake     tshark     libxml2-dev     libxslt-dev     && rm -rf /var/lib/apt/lists/*
#6 CACHED

#7 [ 3/10] RUN wget https://github.com/tsl0922/ttyd/releases/download/1.7.4/ttyd.x86_64 -O /usr/bin/ttyd &&     chmod +x /usr/bin/ttyd
#7 CACHED

#8 [ 4/10] WORKDIR /app
#8 CACHED

#9 [ 5/10] COPY . /app
#9 DONE 44.1s

#10 [ 6/10] RUN pip3 install --no-cache-dir --upgrade pip
#10 2.880 Requirement already satisfied: pip in /usr/lib/python3/dist-packages (22.0.2)
#10 3.103 Collecting pip
#10 3.192   Downloading pip-25.3-py3-none-any.whl (1.8 MB)
#10 3.360      ━━━━━━━━━━━━━━━━━━━━━━━━━━━━━━━━━━━━━━━━ 1.8/1.8 MB 10.8 MB/s eta 0:00:00
#10 3.392 Installing collected packages: pip
#10 3.393   Attempting uninstall: pip
#10 3.394     Found existing installation: pip 22.0.2
#10 3.396     Not uninstalling pip at /usr/lib/python3/dist-packages, outside environment /usr
#10 3.396     Can't uninstall 'pip'. No files were found to uninstall.
#10 4.531 Successfully installed pip-25.3
#10 4.531 WARNING: Running pip as the 'root' user can result in broken permissions and conflicting behaviour with the system package manager. It is recommended to use a virtual environment instead: https://pip.pypa.io/warnings/venv
#10 DONE 16.8s

#11 [ 7/10] RUN pip3 install --no-cache-dir -r requirements.txt
#11 1.405 Collecting cryptography>=41.0.0 (from -r requirements.txt (line 8))
#11 1.485   Downloading cryptography-46.0.3-cp38-abi3-manylinux_2_34_x86_64.whl.metadata (5.7 kB)
#11 1.624 Collecting pycryptodome>=3.19.0 (from -r requirements.txt (line 9))
#11 1.632   Downloading pycryptodome-3.23.0-cp37-abi3-manylinux_2_17_x86_64.manylinux2014_x86_64.whl.metadata (3.4 kB)
#11 1.652 Collecting validators>=0.22.0 (from -r requirements.txt (line 13))
#11 1.660   Downloading validators-0.35.0-py3-none-any.whl.metadata (3.9 kB)
#11 1.682 Collecting bleach>=6.0.0 (from -r requirements.txt (line 14))
#11 1.690   Downloading bleach-6.3.0-py3-none-any.whl.metadata (31 kB)
#11 1.781 Collecting qiskit>=0.45.0 (from -r requirements.txt (line 18))
#11 1.790   Downloading qiskit-2.2.3-cp39-abi3-manylinux2014_x86_64.manylinux_2_17_x86_64.whl.metadata (12 kB)
#11 1.957 Collecting qiskit-aer>=0.13.0 (from -r requirements.txt (line 19))
#11 1.966   Downloading qiskit_aer-0.17.2-cp310-cp310-manylinux_2_17_x86_64.manylinux2014_x86_64.whl.metadata (8.3 kB)
#11 1.994 Collecting qiskit-ibm-runtime>=0.15.0 (from -r requirements.txt (line 20))
#11 2.004   Downloading qiskit_ibm_runtime-0.43.1-py3-none-any.whl.metadata (21 kB)
#11 2.024 Collecting qiskit-algorithms>=0.2.0 (from -r requirements.txt (line 21))
#11 2.033   Downloading qiskit_algorithms-0.4.0-py3-none-any.whl.metadata (4.7 kB)
#11 2.046 Collecting cuquantum-python>=23.10.0 (from -r requirements.txt (line 24))
#11 2.054   Downloading cuquantum_python-25.11.1.tar.gz (6.9 kB)
#11 2.063   Installing build dependencies: started
#11 3.466   Installing build dependencies: finished with status 'done'
#11 3.467   Getting requirements to build wheel: started
#11 4.042   Getting requirements to build wheel: finished with status 'done'
#11 4.045   Installing backend dependencies: started
#11 4.820   Installing backend dependencies: finished with status 'done'
#11 4.821   Preparing metadata (pyproject.toml): started
#11 5.108   Preparing metadata (pyproject.toml): finished with status 'done'
#11 5.136 Collecting cupy-cuda12x>=12.0.0 (from -r requirements.txt (line 26))
#11 5.144   Downloading cupy_cuda12x-13.6.0-cp310-cp310-manylinux2014_x86_64.whl.metadata (2.4 kB)
#11 5.247 Collecting amazon-braket-sdk>=1.65.0 (from -r requirements.txt (line 30))
#11 5.255   Downloading amazon_braket_sdk-1.106.5-py3-none-any.whl.metadata (14 kB)
#11 5.843 Collecting boto3>=1.34.0 (from -r requirements.txt (line 31))
#11 5.851   Downloading boto3-1.42.9-py3-none-any.whl.metadata (6.8 kB)
#11 6.553 Collecting botocore>=1.34.0 (from -r requirements.txt (line 32))
#11 6.562   Downloading botocore-1.42.9-py3-none-any.whl.metadata (5.9 kB)
#11 6.615 Collecting azure-quantum>=0.28.0 (from -r requirements.txt (line 35))
#11 6.624   Downloading azure_quantum-3.5.0-py3-none-any.whl.metadata (6.8 kB)
#11 6.663 Collecting azure-identity>=1.14.0 (from -r requirements.txt (line 36))
#11 6.671   Downloading azure_identity-1.25.1-py3-none-any.whl.metadata (88 kB)
#11 7.109 Collecting cirq>=1.2.0 (from -r requirements.txt (line 39))
#11 7.117   Downloading cirq-1.5.0-py3-none-any.whl.metadata (15 kB)
#11 7.149 Collecting pennylane>=0.33.0 (from -r requirements.txt (line 43))
#11 7.156   Downloading pennylane-0.42.3-py3-none-any.whl.metadata (11 kB)
#11 7.171 Collecting scapy>=2.5.0 (from -r requirements.txt (line 47))
#11 7.179   Downloading scapy-2.6.1-py3-none-any.whl.metadata (5.6 kB)
#11 7.197 Collecting pyshark>=0.6 (from -r requirements.txt (line 48))
#11 7.204   Downloading pyshark-0.6-py3-none-any.whl.metadata (806 bytes)
#11 7.239 Collecting requests>=2.31.0 (from -r requirements.txt (line 49))
#11 7.247   Downloading requests-2.32.5-py3-none-any.whl.metadata (4.9 kB)
#11 7.277 Collecting urllib3>=2.0.0 (from -r requirements.txt (line 50))
#11 7.283   Downloading urllib3-2.6.2-py3-none-any.whl.metadata (6.6 kB)
#11 7.379 Collecting gmpy2>=2.1.5 (from -r requirements.txt (line 55))
#11 7.394   Downloading gmpy2-2.2.2-cp310-cp310-manylinux2014_x86_64.manylinux_2_17_x86_64.manylinux_2_28_x86_64.whl.metadata (3.3 kB)
#11 7.416 Collecting sympy>=1.12 (from -r requirements.txt (line 56))
#11 7.423   Downloading sympy-1.14.0-py3-none-any.whl.metadata (12 kB)
#11 7.460 Collecting paramiko>=3.3.1 (from -r requirements.txt (line 59))
#11 7.466   Downloading paramiko-4.0.0-py3-none-any.whl.metadata (3.9 kB)
#11 7.479 Collecting python-nmap>=0.7.1 (from -r requirements.txt (line 60))
#11 7.492   Downloading python-nmap-0.7.1.tar.gz (44 kB)
#11 7.505   Installing build dependencies: started
#11 8.449   Installing build dependencies: finished with status 'done'
#11 8.450   Getting requirements to build wheel: started
#11 8.811   Getting requirements to build wheel: finished with status 'done'
#11 8.812   Preparing metadata (pyproject.toml): started
#11 9.044   Preparing metadata (pyproject.toml): finished with status 'done'
#11 9.385 Collecting numpy>=1.24.0 (from -r requirements.txt (line 63))
#11 9.394   Downloading numpy-2.2.6-cp310-cp310-manylinux_2_17_x86_64.manylinux2014_x86_64.whl.metadata (62 kB)
#11 9.604 Collecting scipy>=1.11.0 (from -r requirements.txt (line 64))
#11 9.613   Downloading scipy-1.15.3-cp310-cp310-manylinux_2_17_x86_64.manylinux2014_x86_64.whl.metadata (61 kB)
#11 9.678 Collecting rich>=13.5.0 (from -r requirements.txt (line 67))
#11 9.685   Downloading rich-14.2.0-py3-none-any.whl.metadata (18 kB)
#11 9.710 Collecting click>=8.1.0 (from -r requirements.txt (line 68))
#11 9.717   Downloading click-8.3.1-py3-none-any.whl.metadata (2.6 kB)
#11 9.757 Collecting prompt-toolkit>=3.0.0 (from -r requirements.txt (line 69))
#11 9.770   Downloading prompt_toolkit-3.0.52-py3-none-any.whl.metadata (6.4 kB)
#11 9.787 Collecting colorama>=0.4.6 (from -r requirements.txt (line 70))
#11 9.794   Downloading colorama-0.4.6-py2.py3-none-any.whl.metadata (17 kB)
#11 9.974 Collecting pandas>=2.0.0 (from -r requirements.txt (line 73))
#11 9.991   Downloading pandas-2.3.3-cp310-cp310-manylinux_2_24_x86_64.manylinux_2_28_x86_64.whl.metadata (91 kB)
#11 10.06 Collecting tabulate>=0.9.0 (from -r requirements.txt (line 74))
#11 10.06   Downloading tabulate-0.9.0-py3-none-any.whl.metadata (34 kB)
#11 10.13 Collecting pyyaml>=6.0 (from -r requirements.txt (line 77))
#11 10.14   Downloading pyyaml-6.0.3-cp310-cp310-manylinux2014_x86_64.manylinux_2_17_x86_64.manylinux_2_28_x86_64.whl.metadata (2.4 kB)
#11 10.16 Collecting python-dotenv>=1.0.0 (from -r requirements.txt (line 78))
#11 10.16   Downloading python_dotenv-1.2.1-py3-none-any.whl.metadata (25 kB)
#11 10.21 Collecting pytest>=7.4.0 (from -r requirements.txt (line 81))
#11 10.22   Downloading pytest-9.0.2-py3-none-any.whl.metadata (7.6 kB)
#11 10.24 Collecting pytest-cov>=4.1.0 (from -r requirements.txt (line 82))
#11 10.25   Downloading pytest_cov-7.0.0-py3-none-any.whl.metadata (31 kB)
#11 10.39 Collecting black>=23.0.0 (from -r requirements.txt (line 83))
#11 10.40   Downloading black-25.12.0-cp310-cp310-manylinux2014_x86_64.manylinux_2_17_x86_64.manylinux_2_28_x86_64.whl.metadata (86 kB)
#11 10.44 Collecting flake8>=6.0.0 (from -r requirements.txt (line 84))
#11 10.44   Downloading flake8-7.3.0-py2.py3-none-any.whl.metadata (3.8 kB)
#11 10.60 Collecting cffi>=2.0.0 (from cryptography>=41.0.0->-r requirements.txt (line 8))
#11 10.61   Downloading cffi-2.0.0-cp310-cp310-manylinux2014_x86_64.manylinux_2_17_x86_64.whl.metadata (2.6 kB)
#11 10.63 Collecting typing-extensions>=4.13.2 (from cryptography>=41.0.0->-r requirements.txt (line 8))
#11 10.64   Downloading typing_extensions-4.15.0-py3-none-any.whl.metadata (3.3 kB)
#11 10.65 Collecting webencodings (from bleach>=6.0.0->-r requirements.txt (line 14))
#11 10.66   Downloading webencodings-0.5.1-py2.py3-none-any.whl.metadata (2.1 kB)
#11 10.71 Collecting rustworkx>=0.15.0 (from qiskit>=0.45.0->-r requirements.txt (line 18))
#11 10.72   Downloading rustworkx-0.17.1-cp39-abi3-manylinux_2_17_x86_64.manylinux2014_x86_64.whl.metadata (10 kB)
#11 10.75 Collecting dill>=0.3 (from qiskit>=0.45.0->-r requirements.txt (line 18))
#11 10.76   Downloading dill-0.4.0-py3-none-any.whl.metadata (10 kB)
#11 10.79 Collecting stevedore>=3.0.0 (from qiskit>=0.45.0->-r requirements.txt (line 18))
#11 10.80   Downloading stevedore-5.6.0-py3-none-any.whl.metadata (2.3 kB)
#11 10.94 Collecting psutil>=5 (from qiskit-aer>=0.13.0->-r requirements.txt (line 19))
#11 10.95   Downloading psutil-7.1.3-cp36-abi3-manylinux2010_x86_64.manylinux_2_12_x86_64.manylinux_2_28_x86_64.whl.metadata (23 kB)
#11 10.98 Collecting python-dateutil>=2.8.0 (from qiskit-aer>=0.13.0->-r requirements.txt (line 19))
#11 10.98   Downloading python_dateutil-2.9.0.post0-py2.py3-none-any.whl.metadata (8.4 kB)
#11 11.12 Collecting requests-ntlm>=1.1.0 (from qiskit-ibm-runtime>=0.15.0->-r requirements.txt (line 20))
#11 11.13   Downloading requests_ntlm-1.3.0-py3-none-any.whl.metadata (2.4 kB)
#11 11.18 Collecting ibm-platform-services>=0.22.6 (from qiskit-ibm-runtime>=0.15.0->-r requirements.txt (line 20))
#11 11.19   Downloading ibm_platform_services-0.72.0-py3-none-any.whl.metadata (9.0 kB)
#11 11.38 Collecting pydantic>=2.5.0 (from qiskit-ibm-runtime>=0.15.0->-r requirements.txt (line 20))
#11 11.39   Downloading pydantic-2.12.5-py3-none-any.whl.metadata (90 kB)
#11 11.43 Collecting packaging (from qiskit-ibm-runtime>=0.15.0->-r requirements.txt (line 20))
#11 11.44   Downloading packaging-25.0-py3-none-any.whl.metadata (3.3 kB)
#11 11.49 INFO: pip is looking at multiple versions of cuquantum-python to determine which version is compatible with other requirements. This could take a while.
#11 11.49 Collecting cuquantum-python>=23.10.0 (from -r requirements.txt (line 24))
#11 11.50   Downloading cuquantum_python-25.11.0.tar.gz (6.9 kB)
#11 11.50   Installing build dependencies: started
#11 12.64   Installing build dependencies: finished with status 'done'
#11 12.64   Getting requirements to build wheel: started
#11 13.09   Getting requirements to build wheel: finished with status 'done'
#11 13.09   Installing backend dependencies: started
#11 13.66   Installing backend dependencies: finished with status 'done'
#11 13.66   Preparing metadata (pyproject.toml): started
#11 13.90   Preparing metadata (pyproject.toml): finished with status 'done'
#11 13.91   Downloading cuquantum_python-25.9.1.tar.gz (6.9 kB)
#11 13.92   Installing build dependencies: started
#11 14.82   Installing build dependencies: finished with status 'done'
#11 14.82   Getting requirements to build wheel: started
#11 15.32   Getting requirements to build wheel: finished with status 'done'
#11 15.32   Installing backend dependencies: started
#11 15.99   Installing backend dependencies: finished with status 'done'
#11 15.99   Preparing metadata (pyproject.toml): started
#11 16.23   Preparing metadata (pyproject.toml): finished with status 'done'
#11 16.24   Downloading cuquantum_python-25.9.0.tar.gz (6.9 kB)
#11 16.25   Installing build dependencies: started
#11 17.29   Installing build dependencies: finished with status 'done'
#11 17.29   Getting requirements to build wheel: started
#11 17.72   Getting requirements to build wheel: finished with status 'done'
#11 17.72   Installing backend dependencies: started
#11 18.29   Installing backend dependencies: finished with status 'done'
#11 18.29   Preparing metadata (pyproject.toml): started
#11 18.57   Preparing metadata (pyproject.toml): finished with status 'done'
#11 18.58   Downloading cuquantum_python-25.6.0.tar.gz (6.9 kB)
#11 18.59   Installing build dependencies: started
#11 19.75   Installing build dependencies: finished with status 'done'
#11 19.75   Getting requirements to build wheel: started
#11 20.24   Getting requirements to build wheel: finished with status 'done'
#11 20.24   Installing backend dependencies: started
#11 20.82   Installing backend dependencies: finished with status 'done'
#11 20.82   Preparing metadata (pyproject.toml): started
#11 21.09   Preparing metadata (pyproject.toml): finished with status 'done'
#11 21.10   Downloading cuquantum_python-25.3.0.post0.tar.gz (6.9 kB)
#11 21.11   Installing build dependencies: started
#11 22.06   Installing build dependencies: finished with status 'done'
#11 22.06   Getting requirements to build wheel: started
#11 22.54   Getting requirements to build wheel: finished with status 'done'
#11 22.55   Installing backend dependencies: started
#11 23.22   Installing backend dependencies: finished with status 'done'
#11 23.22   Preparing metadata (pyproject.toml): started
#11 23.51   Preparing metadata (pyproject.toml): finished with status 'done'
#11 23.51 Collecting cuquantum-python-cu12==25.03.0.post0 (from cuquantum-python>=23.10.0->-r requirements.txt (line 24))
#11 23.52   Downloading cuquantum_python_cu12-25.3.0.post0-cp310-cp310-manylinux2014_x86_64.whl.metadata (7.8 kB)
#11 23.57 Collecting custatevec-cu12~=1.8 (from cuquantum-python-cu12==25.03.0.post0->cuquantum-python>=23.10.0->-r requirements.txt (line 24))
#11 23.58   Downloading custatevec_cu12-1.11.0-py3-none-manylinux2014_x86_64.whl.metadata (2.4 kB)
#11 23.60 Collecting cutensornet-cu12~=2.7 (from cuquantum-python-cu12==25.03.0.post0->cuquantum-python>=23.10.0->-r requirements.txt (line 24))
#11 23.61   Downloading cutensornet_cu12-2.10.1-py3-none-manylinux2014_x86_64.whl.metadata (2.4 kB)
#11 23.62 Collecting cudensitymat-cu12~=0.1.0 (from cuquantum-python-cu12==25.03.0.post0->cuquantum-python>=23.10.0->-r requirements.txt (line 24))
#11 23.63   Downloading cudensitymat_cu12-0.1.0-py3-none-manylinux2014_x86_64.whl.metadata (2.6 kB)
#11 23.65 Collecting cutensor-cu12<3,>=2.2 (from cudensitymat-cu12~=0.1.0->cuquantum-python-cu12==25.03.0.post0->cuquantum-python>=23.10.0->-r requirements.txt (line 24))
#11 23.66   Downloading cutensor_cu12-2.4.1-py3-none-manylinux2014_x86_64.whl.metadata (2.2 kB)
#11 23.84 Collecting fastrlock>=0.5 (from cupy-cuda12x>=12.0.0->-r requirements.txt (line 26))
#11 23.85   Downloading fastrlock-0.8.3-cp310-cp310-manylinux_2_5_x86_64.manylinux1_x86_64.manylinux_2_28_x86_64.whl.metadata (7.7 kB)
#11 23.88 Collecting amazon-braket-schemas>=1.27.0 (from amazon-braket-sdk>=1.65.0->-r requirements.txt (line 30))
#11 23.88   Downloading amazon_braket_schemas-1.27.0-py3-none-any.whl.metadata (6.1 kB)
#11 23.93 Collecting amazon-braket-default-simulator>=1.32.0 (from amazon-braket-sdk>=1.65.0->-r requirements.txt (line 30))
#11 23.95   Downloading amazon_braket_default_simulator-1.32.0-py3-none-any.whl.metadata (6.5 kB)
#11 23.96 Collecting oqpy~=0.3.7 (from amazon-braket-sdk>=1.65.0->-r requirements.txt (line 30))
#11 23.97   Downloading oqpy-0.3.9-py3-none-any.whl.metadata (8.2 kB)
#11 23.99 Collecting backoff (from amazon-braket-sdk>=1.65.0->-r requirements.txt (line 30))
#11 24.00   Downloading backoff-2.2.1-py3-none-any.whl.metadata (14 kB)
#11 24.02 Collecting boltons (from amazon-braket-sdk>=1.65.0->-r requirements.txt (line 30))
#11 24.03   Downloading boltons-25.0.0-py3-none-any.whl.metadata (6.5 kB)
#11 24.29 Collecting cloudpickle==2.2.1 (from amazon-braket-sdk>=1.65.0->-r requirements.txt (line 30))
#11 24.30   Downloading cloudpickle-2.2.1-py3-none-any.whl.metadata (6.9 kB)
#11 24.32 Collecting nest-asyncio (from amazon-braket-sdk>=1.65.0->-r requirements.txt (line 30))
#11 24.32   Downloading nest_asyncio-1.6.0-py3-none-any.whl.metadata (2.8 kB)
#11 24.36 Collecting networkx (from amazon-braket-sdk>=1.65.0->-r requirements.txt (line 30))
#11 24.37   Downloading networkx-3.4.2-py3-none-any.whl.metadata (6.3 kB)
#11 24.40 Collecting openpulse (from amazon-braket-sdk>=1.65.0->-r requirements.txt (line 30))
#11 24.41   Downloading openpulse-1.0.1-py3-none-any.whl.metadata (2.0 kB)
#11 24.42 Collecting openqasm3 (from amazon-braket-sdk>=1.65.0->-r requirements.txt (line 30))
#11 24.43   Downloading openqasm3-1.0.1-py3-none-any.whl.metadata (6.0 kB)
#11 24.45 Collecting backports.entry-points-selectable (from amazon-braket-sdk>=1.65.0->-r requirements.txt (line 30))
#11 24.46   Downloading backports.entry_points_selectable-1.3.0-py3-none-any.whl.metadata (4.1 kB)
#11 24.48 Collecting mypy-extensions>=0.2.0 (from oqpy~=0.3.7->amazon-braket-sdk>=1.65.0->-r requirements.txt (line 30))
#11 24.49   Downloading mypy_extensions-1.1.0-py3-none-any.whl.metadata (1.1 kB)
#11 24.71 Collecting jmespath<2.0.0,>=0.7.1 (from boto3>=1.34.0->-r requirements.txt (line 31))
#11 24.72   Downloading jmespath-1.0.1-py3-none-any.whl.metadata (7.6 kB)
#11 24.74 Collecting s3transfer<0.17.0,>=0.16.0 (from boto3>=1.34.0->-r requirements.txt (line 31))
#11 24.75   Downloading s3transfer-0.16.0-py3-none-any.whl.metadata (1.7 kB)
#11 24.79 Collecting six>=1.5 (from python-dateutil>=2.8.0->qiskit-aer>=0.13.0->-r requirements.txt (line 19))
#11 24.80   Downloading six-1.17.0-py2.py3-none-any.whl.metadata (1.7 kB)
#11 25.22 Collecting azure-core<2.0,>=1.30 (from azure-quantum>=0.28.0->-r requirements.txt (line 35))
#11 25.22   Downloading azure_core-1.37.0-py3-none-any.whl.metadata (47 kB)
#11 25.28 Collecting azure-storage-blob==12.20 (from azure-quantum>=0.28.0->-r requirements.txt (line 35))
#11 25.29   Downloading azure_storage_blob-12.20.0-py3-none-any.whl.metadata (26 kB)
#11 25.33 Collecting msrest<1.0,>=0.7.1 (from azure-quantum>=0.28.0->-r requirements.txt (line 35))
#11 25.34   Downloading msrest-0.7.1-py3-none-any.whl.metadata (21 kB)
#11 25.36 Collecting deprecated<2.0,>=1.2.12 (from azure-quantum>=0.28.0->-r requirements.txt (line 35))
#11 25.37   Downloading deprecated-1.3.1-py2.py3-none-any.whl.metadata (5.9 kB)
#11 25.44 Collecting isodate>=0.6.1 (from azure-storage-blob==12.20->azure-quantum>=0.28.0->-r requirements.txt (line 35))
#11 25.45   Downloading isodate-0.7.2-py3-none-any.whl.metadata (11 kB)
#11 25.53 Collecting msal>=1.30.0 (from azure-identity>=1.14.0->-r requirements.txt (line 36))
#11 25.53   Downloading msal-1.34.0-py3-none-any.whl.metadata (11 kB)
#11 25.55 Collecting msal-extensions>=1.2.0 (from azure-identity>=1.14.0->-r requirements.txt (line 36))
#11 25.55   Downloading msal_extensions-1.3.1-py3-none-any.whl.metadata (7.8 kB)
#11 25.80 Collecting wrapt<3,>=1.10 (from deprecated<2.0,>=1.2.12->azure-quantum>=0.28.0->-r requirements.txt (line 35))
#11 25.81   Downloading wrapt-2.0.1-cp310-cp310-manylinux1_x86_64.manylinux_2_28_x86_64.manylinux_2_5_x86_64.whl.metadata (9.0 kB)
#11 25.85 Collecting certifi>=2017.4.17 (from msrest<1.0,>=0.7.1->azure-quantum>=0.28.0->-r requirements.txt (line 35))
#11 25.86   Downloading certifi-2025.11.12-py3-none-any.whl.metadata (2.5 kB)
#11 25.88 Collecting requests-oauthlib>=0.5.0 (from msrest<1.0,>=0.7.1->azure-quantum>=0.28.0->-r requirements.txt (line 35))
#11 25.89   Downloading requests_oauthlib-2.0.0-py2.py3-none-any.whl.metadata (11 kB)
#11 26.12 Collecting charset_normalizer<4,>=2 (from requests>=2.31.0->-r requirements.txt (line 49))
#11 26.13   Downloading charset_normalizer-3.4.4-cp310-cp310-manylinux2014_x86_64.manylinux_2_17_x86_64.manylinux_2_28_x86_64.whl.metadata (37 kB)
#11 26.15 Collecting idna<4,>=2.5 (from requests>=2.31.0->-r requirements.txt (line 49))
#11 26.15   Downloading idna-3.11-py3-none-any.whl.metadata (8.4 kB)
#11 26.49 Collecting cirq-aqt==1.5.0 (from cirq>=1.2.0->-r requirements.txt (line 39))
#11 26.50   Downloading cirq_aqt-1.5.0-py3-none-any.whl.metadata (4.8 kB)
#11 26.85 Collecting cirq-core==1.5.0 (from cirq>=1.2.0->-r requirements.txt (line 39))
#11 26.86   Downloading cirq_core-1.5.0-py3-none-any.whl.metadata (4.9 kB)
#11 27.25 Collecting cirq-google==1.5.0 (from cirq>=1.2.0->-r requirements.txt (line 39))
#11 27.25   Downloading cirq_google-1.5.0-py3-none-any.whl.metadata (4.9 kB)
#11 27.59 Collecting cirq-ionq==1.5.0 (from cirq>=1.2.0->-r requirements.txt (line 39))
#11 27.59   Downloading cirq_ionq-1.5.0-py3-none-any.whl.metadata (4.7 kB)
#11 27.85 Collecting cirq-pasqal==1.5.0 (from cirq>=1.2.0->-r requirements.txt (line 39))
#11 27.86   Downloading cirq_pasqal-1.5.0-py3-none-any.whl.metadata (4.8 kB)
#11 28.12 Collecting cirq-web==1.5.0 (from cirq>=1.2.0->-r requirements.txt (line 39))
#11 28.12   Downloading cirq_web-1.5.0-py3-none-any.whl.metadata (5.5 kB)
#11 28.16 Collecting attrs>=21.3.0 (from cirq-core==1.5.0->cirq>=1.2.0->-r requirements.txt (line 39))
#11 28.17   Downloading attrs-25.4.0-py3-none-any.whl.metadata (10 kB)
#11 28.19 Collecting duet>=0.2.8 (from cirq-core==1.5.0->cirq>=1.2.0->-r requirements.txt (line 39))
#11 28.20   Downloading duet-0.2.9-py3-none-any.whl.metadata (2.3 kB)
#11 28.42 Collecting matplotlib~=3.7 (from cirq-core==1.5.0->cirq>=1.2.0->-r requirements.txt (line 39))
#11 28.43   Downloading matplotlib-3.10.8-cp310-cp310-manylinux2014_x86_64.manylinux_2_17_x86_64.whl.metadata (52 kB)
#11 28.49 Collecting sortedcontainers~=2.0 (from cirq-core==1.5.0->cirq>=1.2.0->-r requirements.txt (line 39))
#11 28.50   Downloading sortedcontainers-2.4.0-py2.py3-none-any.whl.metadata (10 kB)
#11 28.57 Collecting tqdm>=4.12 (from cirq-core==1.5.0->cirq>=1.2.0->-r requirements.txt (line 39))
#11 28.58   Downloading tqdm-4.67.1-py3-none-any.whl.metadata (57 kB)
#11 28.78 Collecting google-api-core>=1.14.0 (from google-api-core[grpc]>=1.14.0->cirq-google==1.5.0->cirq>=1.2.0->-r requirements.txt (line 39))
#11 28.79   Downloading google_api_core-2.28.1-py3-none-any.whl.metadata (3.3 kB)
#11 28.81 Collecting proto-plus>=1.20.0 (from cirq-google==1.5.0->cirq>=1.2.0->-r requirements.txt (line 39))
#11 28.82   Downloading proto_plus-1.26.1-py3-none-any.whl.metadata (2.2 kB)
#11 29.10 Collecting protobuf<6.0,>=4.25 (from cirq-google==1.5.0->cirq>=1.2.0->-r requirements.txt (line 39))
#11 29.11   Downloading protobuf-5.29.5-cp38-abi3-manylinux2014_x86_64.whl.metadata (592 bytes)
#11 29.23 Collecting typedunits (from cirq-google==1.5.0->cirq>=1.2.0->-r requirements.txt (line 39))
#11 29.24   Downloading typedunits-0.0.1-cp310-cp310-manylinux2014_x86_64.manylinux_2_17_x86_64.manylinux_2_28_x86_64.whl.metadata (4.9 kB)
#11 29.38 Collecting pytz>=2020.1 (from pandas>=2.0.0->-r requirements.txt (line 73))
#11 29.39   Downloading pytz-2025.2-py2.py3-none-any.whl.metadata (22 kB)
#11 29.41 Collecting tzdata>=2022.7 (from pandas>=2.0.0->-r requirements.txt (line 73))
#11 29.41   Downloading tzdata-2025.3-py2.py3-none-any.whl.metadata (1.4 kB)
#11 29.52 Collecting contourpy>=1.0.1 (from matplotlib~=3.7->cirq-core==1.5.0->cirq>=1.2.0->-r requirements.txt (line 39))
#11 29.53   Downloading contourpy-1.3.2-cp310-cp310-manylinux_2_17_x86_64.manylinux2014_x86_64.whl.metadata (5.5 kB)
#11 29.55 Collecting cycler>=0.10 (from matplotlib~=3.7->cirq-core==1.5.0->cirq>=1.2.0->-r requirements.txt (line 39))
#11 29.55   Downloading cycler-0.12.1-py3-none-any.whl.metadata (3.8 kB)
#11 29.87 Collecting fonttools>=4.22.0 (from matplotlib~=3.7->cirq-core==1.5.0->cirq>=1.2.0->-r requirements.txt (line 39))
#11 29.88   Downloading fonttools-4.61.1-cp310-cp310-manylinux2014_x86_64.manylinux_2_17_x86_64.whl.metadata (114 kB)
#11 30.01 Collecting kiwisolver>=1.3.1 (from matplotlib~=3.7->cirq-core==1.5.0->cirq>=1.2.0->-r requirements.txt (line 39))
#11 30.02   Downloading kiwisolver-1.4.9-cp310-cp310-manylinux_2_12_x86_64.manylinux2010_x86_64.whl.metadata (6.3 kB)
#11 30.32 Collecting pillow>=8 (from matplotlib~=3.7->cirq-core==1.5.0->cirq>=1.2.0->-r requirements.txt (line 39))
#11 30.33   Downloading pillow-12.0.0-cp310-cp310-manylinux_2_27_x86_64.manylinux_2_28_x86_64.whl.metadata (8.8 kB)
#11 30.39 Collecting pyparsing>=3 (from matplotlib~=3.7->cirq-core==1.5.0->cirq>=1.2.0->-r requirements.txt (line 39))
#11 30.40   Downloading pyparsing-3.2.5-py3-none-any.whl.metadata (5.0 kB)
#11 30.43 Collecting autograd (from pennylane>=0.33.0->-r requirements.txt (line 43))
#11 30.44   Downloading autograd-1.8.0-py3-none-any.whl.metadata (7.5 kB)
#11 30.45 Collecting appdirs (from pennylane>=0.33.0->-r requirements.txt (line 43))
#11 30.46   Downloading appdirs-1.4.4-py2.py3-none-any.whl.metadata (9.0 kB)
#11 30.48 Collecting autoray<0.8,>=0.6.11 (from pennylane>=0.33.0->-r requirements.txt (line 43))
#11 30.49   Downloading autoray-0.7.2-py3-none-any.whl.metadata (5.8 kB)
#11 30.52 Collecting cachetools (from pennylane>=0.33.0->-r requirements.txt (line 43))
#11 30.53   Downloading cachetools-6.2.3-py3-none-any.whl.metadata (5.6 kB)
#11 30.63 Collecting pennylane-lightning>=0.42 (from pennylane>=0.33.0->-r requirements.txt (line 43))
#11 30.63   Downloading pennylane_lightning-0.42.0-cp310-cp310-manylinux_2_28_x86_64.whl.metadata (11 kB)
#11 30.66 Collecting tomlkit (from pennylane>=0.33.0->-r requirements.txt (line 43))
#11 30.67   Downloading tomlkit-0.13.3-py3-none-any.whl.metadata (2.8 kB)
#11 30.68 Collecting diastatic-malt (from pennylane>=0.33.0->-r requirements.txt (line 43))
#11 30.69   Downloading diastatic_malt-2.15.2-py3-none-any.whl.metadata (2.6 kB)
#11 31.14 Collecting lxml (from pyshark>=0.6->-r requirements.txt (line 48))
#11 31.15   Downloading lxml-6.0.2-cp310-cp310-manylinux_2_26_x86_64.manylinux_2_28_x86_64.whl.metadata (3.6 kB)
#11 31.16 Collecting termcolor (from pyshark>=0.6->-r requirements.txt (line 48))
#11 31.17   Downloading termcolor-3.2.0-py3-none-any.whl.metadata (6.4 kB)
#11 31.19 Collecting mpmath<1.4,>=1.1.0 (from sympy>=1.12->-r requirements.txt (line 56))
#11 31.20   Downloading mpmath-1.3.0-py3-none-any.whl.metadata (8.6 kB)
#11 31.28 Collecting bcrypt>=3.2 (from paramiko>=3.3.1->-r requirements.txt (line 59))
#11 31.29   Downloading bcrypt-5.0.0-cp39-abi3-manylinux_2_34_x86_64.whl.metadata (10 kB)
#11 31.36 Collecting invoke>=2.0 (from paramiko>=3.3.1->-r requirements.txt (line 59))
#11 31.37   Downloading invoke-2.2.1-py3-none-any.whl.metadata (3.3 kB)
#11 31.40 Collecting pynacl>=1.5 (from paramiko>=3.3.1->-r requirements.txt (line 59))
#11 31.41   Downloading pynacl-1.6.1-cp38-abi3-manylinux_2_34_x86_64.whl.metadata (9.8 kB)
#11 31.45 Collecting markdown-it-py>=2.2.0 (from rich>=13.5.0->-r requirements.txt (line 67))
#11 31.46   Downloading markdown_it_py-4.0.0-py3-none-any.whl.metadata (7.3 kB)
#11 31.49 Collecting pygments<3.0.0,>=2.13.0 (from rich>=13.5.0->-r requirements.txt (line 67))
#11 31.50   Downloading pygments-2.19.2-py3-none-any.whl.metadata (2.5 kB)
#11 31.53 Collecting wcwidth (from prompt-toolkit>=3.0.0->-r requirements.txt (line 69))
#11 31.53   Downloading wcwidth-0.2.14-py2.py3-none-any.whl.metadata (15 kB)
#11 31.58 Collecting exceptiongroup>=1 (from pytest>=7.4.0->-r requirements.txt (line 81))
#11 31.59   Downloading exceptiongroup-1.3.1-py3-none-any.whl.metadata (6.7 kB)
#11 31.60 Collecting iniconfig>=1.0.1 (from pytest>=7.4.0->-r requirements.txt (line 81))
#11 31.61   Downloading iniconfig-2.3.0-py3-none-any.whl.metadata (2.5 kB)
#11 31.63 Collecting pluggy<2,>=1.5 (from pytest>=7.4.0->-r requirements.txt (line 81))
#11 31.64   Downloading pluggy-1.6.0-py3-none-any.whl.metadata (4.8 kB)
#11 31.67 Collecting tomli>=1 (from pytest>=7.4.0->-r requirements.txt (line 81))
#11 31.68   Downloading tomli-2.3.0-py3-none-any.whl.metadata (10 kB)
#11 32.50 Collecting coverage>=7.10.6 (from coverage[toml]>=7.10.6->pytest-cov>=4.1.0->-r requirements.txt (line 82))
#11 32.50   Downloading coverage-7.13.0-cp310-cp310-manylinux1_x86_64.manylinux_2_28_x86_64.manylinux_2_5_x86_64.whl.metadata (8.5 kB)
#11 32.55 Collecting pathspec>=0.9.0 (from black>=23.0.0->-r requirements.txt (line 83))
#11 32.56   Downloading pathspec-0.12.1-py3-none-any.whl.metadata (21 kB)
#11 32.59 Collecting platformdirs>=2 (from black>=23.0.0->-r requirements.txt (line 83))
#11 32.60   Downloading platformdirs-4.5.1-py3-none-any.whl.metadata (12 kB)
#11 32.61 Collecting pytokens>=0.3.0 (from black>=23.0.0->-r requirements.txt (line 83))
#11 32.62   Downloading pytokens-0.3.0-py3-none-any.whl.metadata (2.0 kB)
#11 32.65 Collecting mccabe<0.8.0,>=0.7.0 (from flake8>=6.0.0->-r requirements.txt (line 84))
#11 32.66   Downloading mccabe-0.7.0-py2.py3-none-any.whl.metadata (5.0 kB)
#11 32.68 Collecting pycodestyle<2.15.0,>=2.14.0 (from flake8>=6.0.0->-r requirements.txt (line 84))
#11 32.68   Downloading pycodestyle-2.14.0-py2.py3-none-any.whl.metadata (4.5 kB)
#11 32.70 Collecting pyflakes<3.5.0,>=3.4.0 (from flake8>=6.0.0->-r requirements.txt (line 84))
#11 32.71   Downloading pyflakes-3.4.0-py2.py3-none-any.whl.metadata (3.5 kB)
#11 32.89 Collecting numba (from amazon-braket-default-simulator>=1.32.0->amazon-braket-sdk>=1.65.0->-r requirements.txt (line 30))
#11 32.89   Downloading numba-0.63.1-cp310-cp310-manylinux2014_x86_64.manylinux_2_17_x86_64.whl.metadata (2.9 kB)
#11 32.91 Collecting opt_einsum (from amazon-braket-default-simulator>=1.32.0->amazon-braket-sdk>=1.65.0->-r requirements.txt (line 30))
#11 32.92   Downloading opt_einsum-3.4.0-py3-none-any.whl.metadata (6.3 kB)
#11 32.94 Collecting antlr4-python3-runtime==4.13.2 (from amazon-braket-default-simulator>=1.32.0->amazon-braket-sdk>=1.65.0->-r requirements.txt (line 30))
#11 32.95   Downloading antlr4_python3_runtime-4.13.2-py3-none-any.whl.metadata (304 bytes)
#11 33.00 Collecting pycparser (from cffi>=2.0.0->cryptography>=41.0.0->-r requirements.txt (line 8))
#11 33.01   Downloading pycparser-2.23-py3-none-any.whl.metadata (993 bytes)
#11 33.08 Collecting googleapis-common-protos<2.0.0,>=1.56.2 (from google-api-core>=1.14.0->google-api-core[grpc]>=1.14.0->cirq-google==1.5.0->cirq>=1.2.0->-r requirements.txt (line 39))
#11 33.09   Downloading googleapis_common_protos-1.72.0-py3-none-any.whl.metadata (9.4 kB)
#11 33.20 Collecting google-auth<3.0.0,>=2.14.1 (from google-api-core>=1.14.0->google-api-core[grpc]>=1.14.0->cirq-google==1.5.0->cirq>=1.2.0->-r requirements.txt (line 39))
#11 33.21   Downloading google_auth-2.43.0-py2.py3-none-any.whl.metadata (6.6 kB)
#11 33.27 Collecting pyasn1-modules>=0.2.1 (from google-auth<3.0.0,>=2.14.1->google-api-core>=1.14.0->google-api-core[grpc]>=1.14.0->cirq-google==1.5.0->cirq>=1.2.0->-r requirements.txt (line 39))
#11 33.28   Downloading pyasn1_modules-0.4.2-py3-none-any.whl.metadata (3.5 kB)
#11 33.30 Collecting rsa<5,>=3.1.4 (from google-auth<3.0.0,>=2.14.1->google-api-core>=1.14.0->google-api-core[grpc]>=1.14.0->cirq-google==1.5.0->cirq>=1.2.0->-r requirements.txt (line 39))
#11 33.30   Downloading rsa-4.9.1-py3-none-any.whl.metadata (5.6 kB)
#11 33.45 Collecting pyasn1>=0.1.3 (from rsa<5,>=3.1.4->google-auth<3.0.0,>=2.14.1->google-api-core>=1.14.0->google-api-core[grpc]>=1.14.0->cirq-google==1.5.0->cirq>=1.2.0->-r requirements.txt (line 39))
#11 33.46   Downloading pyasn1-0.6.1-py3-none-any.whl.metadata (8.4 kB)
#11 34.28 Collecting grpcio<2.0.0,>=1.33.2 (from google-api-core[grpc]>=1.14.0->cirq-google==1.5.0->cirq>=1.2.0->-r requirements.txt (line 39))
#11 34.29   Downloading grpcio-1.76.0-cp310-cp310-manylinux2014_x86_64.manylinux_2_17_x86_64.whl.metadata (3.7 kB)
#11 34.34 Collecting grpcio-status<2.0.0,>=1.33.2 (from google-api-core[grpc]>=1.14.0->cirq-google==1.5.0->cirq>=1.2.0->-r requirements.txt (line 39))
#11 34.35   Downloading grpcio_status-1.76.0-py3-none-any.whl.metadata (1.1 kB)
#11 34.41 INFO: pip is looking at multiple versions of grpcio-status to determine which version is compatible with other requirements. This could take a while.
#11 34.42   Downloading grpcio_status-1.75.1-py3-none-any.whl.metadata (1.1 kB)
#11 34.44   Downloading grpcio_status-1.75.0-py3-none-any.whl.metadata (1.1 kB)
#11 34.45   Downloading grpcio_status-1.74.0-py3-none-any.whl.metadata (1.1 kB)
#11 34.47   Downloading grpcio_status-1.73.1-py3-none-any.whl.metadata (1.1 kB)
#11 34.50   Downloading grpcio_status-1.73.0-py3-none-any.whl.metadata (1.1 kB)
#11 34.52   Downloading grpcio_status-1.72.2-py3-none-any.whl.metadata (1.1 kB)
#11 34.53   Downloading grpcio_status-1.72.1-py3-none-any.whl.metadata (1.1 kB)
#11 34.53 INFO: pip is still looking at multiple versions of grpcio-status to determine which version is compatible with other requirements. This could take a while.
#11 34.54   Downloading grpcio_status-1.71.2-py3-none-any.whl.metadata (1.1 kB)
#11 34.69 Collecting ibm_cloud_sdk_core<4.0.0,>=3.24.2 (from ibm-platform-services>=0.22.6->qiskit-ibm-runtime>=0.15.0->-r requirements.txt (line 20))
#11 34.70   Downloading ibm_cloud_sdk_core-3.24.2-py3-none-any.whl.metadata (8.7 kB)
#11 34.76 Collecting PyJWT<3.0.0,>=2.10.1 (from ibm_cloud_sdk_core<4.0.0,>=3.24.2->ibm-platform-services>=0.22.6->qiskit-ibm-runtime>=0.15.0->-r requirements.txt (line 20))
#11 34.76   Downloading PyJWT-2.10.1-py3-none-any.whl.metadata (4.0 kB)
#11 34.96 Collecting mdurl~=0.1 (from markdown-it-py>=2.2.0->rich>=13.5.0->-r requirements.txt (line 67))
#11 34.97   Downloading mdurl-0.1.2-py3-none-any.whl.metadata (1.6 kB)
#11 35.16 Collecting scipy-openblas32>=0.3.26 (from pennylane-lightning>=0.42->pennylane>=0.33.0->-r requirements.txt (line 43))
#11 35.17   Downloading scipy_openblas32-0.3.30.0.8-py3-none-manylinux2014_x86_64.manylinux_2_17_x86_64.whl.metadata (57 kB)
#11 35.22 Collecting annotated-types>=0.6.0 (from pydantic>=2.5.0->qiskit-ibm-runtime>=0.15.0->-r requirements.txt (line 20))
#11 35.23   Downloading annotated_types-0.7.0-py3-none-any.whl.metadata (15 kB)
#11 36.27 Collecting pydantic-core==2.41.5 (from pydantic>=2.5.0->qiskit-ibm-runtime>=0.15.0->-r requirements.txt (line 20))
#11 36.28   Downloading pydantic_core-2.41.5-cp310-cp310-manylinux_2_17_x86_64.manylinux2014_x86_64.whl.metadata (7.3 kB)
#11 36.30 Collecting typing-inspection>=0.4.2 (from pydantic>=2.5.0->qiskit-ibm-runtime>=0.15.0->-r requirements.txt (line 20))
#11 36.30   Downloading typing_inspection-0.4.2-py3-none-any.whl.metadata (2.6 kB)
#11 36.43 Collecting pyspnego>=0.4.0 (from requests-ntlm>=1.1.0->qiskit-ibm-runtime>=0.15.0->-r requirements.txt (line 20))
#11 36.44   Downloading pyspnego-0.12.0-py3-none-any.whl.metadata (4.1 kB)
#11 36.46 Collecting oauthlib>=3.0.0 (from requests-oauthlib>=0.5.0->msrest<1.0,>=0.7.1->azure-quantum>=0.28.0->-r requirements.txt (line 35))
#11 36.47   Downloading oauthlib-3.3.1-py3-none-any.whl.metadata (7.9 kB)
#11 36.62 Collecting astunparse (from diastatic-malt->pennylane>=0.33.0->-r requirements.txt (line 43))
#11 36.63   Downloading astunparse-1.6.3-py2.py3-none-any.whl.metadata (4.4 kB)
#11 36.64 Collecting gast (from diastatic-malt->pennylane>=0.33.0->-r requirements.txt (line 43))
#11 36.69   Downloading gast-0.7.0-py3-none-any.whl.metadata (1.5 kB)
#11 36.69 Requirement already satisfied: wheel<1.0,>=0.23.0 in /usr/lib/python3/dist-packages (from astunparse->diastatic-malt->pennylane>=0.33.0->-r requirements.txt (line 43)) (0.37.1)
#11 36.81 Collecting llvmlite<0.47,>=0.46.0dev0 (from numba->amazon-braket-default-simulator>=1.32.0->amazon-braket-sdk>=1.65.0->-r requirements.txt (line 30))
#11 36.82   Downloading llvmlite-0.46.0-cp310-cp310-manylinux2014_x86_64.manylinux_2_17_x86_64.whl.metadata (5.0 kB)
#11 37.28 Collecting cython>=3.0.0 (from typedunits->cirq-google==1.5.0->cirq>=1.2.0->-r requirements.txt (line 39))
#11 37.29   Downloading cython-3.2.2-cp310-cp310-manylinux2014_x86_64.manylinux_2_17_x86_64.manylinux_2_28_x86_64.whl.metadata (5.0 kB)
#11 37.32 Downloading cryptography-46.0.3-cp38-abi3-manylinux_2_34_x86_64.whl (4.5 MB)
#11 37.72    ━━━━━━━━━━━━━━━━━━━━━━━━━━━━━━━━━━━━━━━━ 4.5/4.5 MB 11.6 MB/s  0:00:00
#11 37.73 Downloading pycryptodome-3.23.0-cp37-abi3-manylinux_2_17_x86_64.manylinux2014_x86_64.whl (2.3 MB)
#11 37.92    ━━━━━━━━━━━━━━━━━━━━━━━━━━━━━━━━━━━━━━━━ 2.3/2.3 MB 11.8 MB/s  0:00:00
#11 37.93 Downloading validators-0.35.0-py3-none-any.whl (44 kB)
#11 37.94 Downloading bleach-6.3.0-py3-none-any.whl (164 kB)
#11 37.96 Downloading qiskit-2.2.3-cp39-abi3-manylinux2014_x86_64.manylinux_2_17_x86_64.whl (8.0 MB)
#11 38.64    ━━━━━━━━━━━━━━━━━━━━━━━━━━━━━━━━━━━━━━━━ 8.0/8.0 MB 11.8 MB/s  0:00:00
#11 38.65 Downloading numpy-2.2.6-cp310-cp310-manylinux_2_17_x86_64.manylinux2014_x86_64.whl (16.8 MB)
#11 40.08    ━━━━━━━━━━━━━━━━━━━━━━━━━━━━━━━━━━━━━━━━ 16.8/16.8 MB 11.8 MB/s  0:00:01
#11 40.10 Downloading qiskit_aer-0.17.2-cp310-cp310-manylinux_2_17_x86_64.manylinux2014_x86_64.whl (12.4 MB)
#11 41.15    ━━━━━━━━━━━━━━━━━━━━━━━━━━━━━━━━━━━━━━━━ 12.4/12.4 MB 11.7 MB/s  0:00:01
#11 41.16 Downloading qiskit_ibm_runtime-0.43.1-py3-none-any.whl (1.4 MB)
#11 41.28    ━━━━━━━━━━━━━━━━━━━━━━━━━━━━━━━━━━━━━━━━ 1.4/1.4 MB 11.9 MB/s  0:00:00
#11 41.29 Downloading qiskit_algorithms-0.4.0-py3-none-any.whl (327 kB)
#11 41.33 Downloading cuquantum_python_cu12-25.3.0.post0-cp310-cp310-manylinux2014_x86_64.whl (5.0 MB)
#11 41.75    ━━━━━━━━━━━━━━━━━━━━━━━━━━━━━━━━━━━━━━━━ 5.0/5.0 MB 11.8 MB/s  0:00:00
#11 41.76 Downloading cudensitymat_cu12-0.1.0-py3-none-manylinux2014_x86_64.whl (4.0 MB)
#11 42.11    ━━━━━━━━━━━━━━━━━━━━━━━━━━━━━━━━━━━━━━━━ 4.0/4.0 MB 11.8 MB/s  0:00:00
#11 42.12 Downloading custatevec_cu12-1.11.0-py3-none-manylinux2014_x86_64.whl (73.4 MB)
#11 48.43    ━━━━━━━━━━━━━━━━━━━━━━━━━━━━━━━━━━━━━━━━ 73.4/73.4 MB 11.6 MB/s  0:00:06
#11 48.44 Downloading cutensor_cu12-2.4.1-py3-none-manylinux2014_x86_64.whl (277.4 MB)
#11 72.76    ━━━━━━━━━━━━━━━━━━━━━━━━━━━━━━━━━━━━━━━━ 277.4/277.4 MB 11.4 MB/s  0:00:24
#11 72.79 Downloading cutensornet_cu12-2.10.1-py3-none-manylinux2014_x86_64.whl (3.1 MB)
#11 73.05    ━━━━━━━━━━━━━━━━━━━━━━━━━━━━━━━━━━━━━━━━ 3.1/3.1 MB 11.8 MB/s  0:00:00
#11 73.06 Downloading cupy_cuda12x-13.6.0-cp310-cp310-manylinux2014_x86_64.whl (112.2 MB)
#11 82.68    ━━━━━━━━━━━━━━━━━━━━━━━━━━━━━━━━━━━━━━━━ 112.2/112.2 MB 11.7 MB/s  0:00:09
#11 82.69 Downloading amazon_braket_sdk-1.106.5-py3-none-any.whl (370 kB)
#11 82.72 Downloading cloudpickle-2.2.1-py3-none-any.whl (25 kB)
#11 82.73 Downloading oqpy-0.3.9-py3-none-any.whl (35 kB)
#11 82.74 Downloading boto3-1.42.9-py3-none-any.whl (140 kB)
#11 82.76 Downloading botocore-1.42.9-py3-none-any.whl (14.5 MB)
#11 84.00    ━━━━━━━━━━━━━━━━━━━━━━━━━━━━━━━━━━━━━━━━ 14.5/14.5 MB 11.7 MB/s  0:00:01
#11 84.00 Downloading urllib3-2.6.2-py3-none-any.whl (131 kB)
#11 84.02 Downloading jmespath-1.0.1-py3-none-any.whl (20 kB)
#11 84.03 Downloading python_dateutil-2.9.0.post0-py2.py3-none-any.whl (229 kB)
#11 84.05 Downloading s3transfer-0.16.0-py3-none-any.whl (86 kB)
#11 84.07 Downloading azure_quantum-3.5.0-py3-none-any.whl (137 kB)
#11 84.09 Downloading azure_storage_blob-12.20.0-py3-none-any.whl (392 kB)
#11 84.13 Downloading azure_identity-1.25.1-py3-none-any.whl (191 kB)
#11 84.15 Downloading azure_core-1.37.0-py3-none-any.whl (214 kB)
#11 84.17 Downloading deprecated-1.3.1-py2.py3-none-any.whl (11 kB)
#11 84.18 Downloading msrest-0.7.1-py3-none-any.whl (85 kB)
#11 84.20 Downloading requests-2.32.5-py3-none-any.whl (64 kB)
#11 84.21 Downloading charset_normalizer-3.4.4-cp310-cp310-manylinux2014_x86_64.manylinux_2_17_x86_64.manylinux_2_28_x86_64.whl (153 kB)
#11 84.23 Downloading idna-3.11-py3-none-any.whl (71 kB)
#11 84.24 Downloading wrapt-2.0.1-cp310-cp310-manylinux1_x86_64.manylinux_2_28_x86_64.manylinux_2_5_x86_64.whl (113 kB)
#11 84.25 Downloading cirq-1.5.0-py3-none-any.whl (10 kB)
#11 84.26 Downloading cirq_aqt-1.5.0-py3-none-any.whl (31 kB)
#11 84.27 Downloading cirq_core-1.5.0-py3-none-any.whl (2.0 MB)
#11 84.44    ━━━━━━━━━━━━━━━━━━━━━━━━━━━━━━━━━━━━━━━━ 2.0/2.0 MB 11.8 MB/s  0:00:00
#11 84.45 Downloading cirq_google-1.5.0-py3-none-any.whl (597 kB)
#11 84.50    ━━━━━━━━━━━━━━━━━━━━━━━━━━━━━━━━━━━━━━━━ 597.5/597.5 kB 12.1 MB/s  0:00:00
#11 84.51 Downloading cirq_ionq-1.5.0-py3-none-any.whl (72 kB)
#11 84.55 Downloading cirq_pasqal-1.5.0-py3-none-any.whl (33 kB)
#11 84.56 Downloading cirq_web-1.5.0-py3-none-any.whl (425 kB)
#11 84.61 Downloading scipy-1.15.3-cp310-cp310-manylinux_2_17_x86_64.manylinux2014_x86_64.whl (37.7 MB)
#11 87.81    ━━━━━━━━━━━━━━━━━━━━━━━━━━━━━━━━━━━━━━━━ 37.7/37.7 MB 11.8 MB/s  0:00:03
#11 87.82 Downloading pandas-2.3.3-cp310-cp310-manylinux_2_24_x86_64.manylinux_2_28_x86_64.whl (12.8 MB)
#11 88.91    ━━━━━━━━━━━━━━━━━━━━━━━━━━━━━━━━━━━━━━━━ 12.8/12.8 MB 11.8 MB/s  0:00:01
#11 88.92 Downloading matplotlib-3.10.8-cp310-cp310-manylinux2014_x86_64.manylinux_2_17_x86_64.whl (8.7 MB)
#11 89.66    ━━━━━━━━━━━━━━━━━━━━━━━━━━━━━━━━━━━━━━━━ 8.7/8.7 MB 11.8 MB/s  0:00:00
#11 89.67 Downloading networkx-3.4.2-py3-none-any.whl (1.7 MB)
#11 89.82    ━━━━━━━━━━━━━━━━━━━━━━━━━━━━━━━━━━━━━━━━ 1.7/1.7 MB 11.8 MB/s  0:00:00
#11 89.82 Downloading protobuf-5.29.5-cp38-abi3-manylinux2014_x86_64.whl (319 kB)
#11 89.86 Downloading sortedcontainers-2.4.0-py2.py3-none-any.whl (29 kB)
#11 89.87 Downloading pennylane-0.42.3-py3-none-any.whl (4.8 MB)
#11 90.28    ━━━━━━━━━━━━━━━━━━━━━━━━━━━━━━━━━━━━━━━━ 4.8/4.8 MB 11.8 MB/s  0:00:00
#11 90.29 Downloading autoray-0.7.2-py3-none-any.whl (930 kB)
#11 90.37    ━━━━━━━━━━━━━━━━━━━━━━━━━━━━━━━━━━━━━━━━ 930.8/930.8 kB 12.3 MB/s  0:00:00
#11 90.38 Downloading scapy-2.6.1-py3-none-any.whl (2.4 MB)
#11 90.60    ━━━━━━━━━━━━━━━━━━━━━━━━━━━━━━━━━━━━━━━━ 2.4/2.4 MB 11.0 MB/s  0:00:00
#11 90.61 Downloading pyshark-0.6-py3-none-any.whl (41 kB)
#11 90.64 Downloading gmpy2-2.2.2-cp310-cp310-manylinux2014_x86_64.manylinux_2_17_x86_64.manylinux_2_28_x86_64.whl (1.7 MB)
#11 90.79    ━━━━━━━━━━━━━━━━━━━━━━━━━━━━━━━━━━━━━━━━ 1.7/1.7 MB 11.0 MB/s  0:00:00
#11 90.80 Downloading sympy-1.14.0-py3-none-any.whl (6.3 MB)
#11 91.37    ━━━━━━━━━━━━━━━━━━━━━━━━━━━━━━━━━━━━━━━━ 6.3/6.3 MB 11.1 MB/s  0:00:00
#11 91.38 Downloading mpmath-1.3.0-py3-none-any.whl (536 kB)
#11 91.43    ━━━━━━━━━━━━━━━━━━━━━━━━━━━━━━━━━━━━━━━━ 536.2/536.2 kB 12.8 MB/s  0:00:00
#11 91.44 Downloading paramiko-4.0.0-py3-none-any.whl (223 kB)
#11 91.47 Downloading rich-14.2.0-py3-none-any.whl (243 kB)
#11 91.49 Downloading pygments-2.19.2-py3-none-any.whl (1.2 MB)
#11 91.60    ━━━━━━━━━━━━━━━━━━━━━━━━━━━━━━━━━━━━━━━━ 1.2/1.2 MB 11.9 MB/s  0:00:00
#11 91.60 Downloading click-8.3.1-py3-none-any.whl (108 kB)
#11 91.62 Downloading prompt_toolkit-3.0.52-py3-none-any.whl (391 kB)
#11 91.66 Downloading colorama-0.4.6-py2.py3-none-any.whl (25 kB)
#11 91.67 Downloading tabulate-0.9.0-py3-none-any.whl (35 kB)
#11 91.67 Downloading pyyaml-6.0.3-cp310-cp310-manylinux2014_x86_64.manylinux_2_17_x86_64.manylinux_2_28_x86_64.whl (770 kB)
#11 91.74    ━━━━━━━━━━━━━━━━━━━━━━━━━━━━━━━━━━━━━━━━ 770.3/770.3 kB 11.9 MB/s  0:00:00
#11 91.79 Downloading python_dotenv-1.2.1-py3-none-any.whl (21 kB)
#11 91.80 Downloading pytest-9.0.2-py3-none-any.whl (374 kB)
#11 91.84 Downloading pluggy-1.6.0-py3-none-any.whl (20 kB)
#11 91.84 Downloading pytest_cov-7.0.0-py3-none-any.whl (22 kB)
#11 91.85 Downloading black-25.12.0-cp310-cp310-manylinux2014_x86_64.manylinux_2_17_x86_64.manylinux_2_28_x86_64.whl (1.8 MB)
#11 92.01    ━━━━━━━━━━━━━━━━━━━━━━━━━━━━━━━━━━━━━━━━ 1.8/1.8 MB 11.8 MB/s  0:00:00
#11 92.02 Downloading flake8-7.3.0-py2.py3-none-any.whl (57 kB)
#11 92.03 Downloading mccabe-0.7.0-py2.py3-none-any.whl (7.3 kB)
#11 92.04 Downloading pycodestyle-2.14.0-py2.py3-none-any.whl (31 kB)
#11 92.05 Downloading pyflakes-3.4.0-py2.py3-none-any.whl (63 kB)
#11 92.06 Downloading amazon_braket_default_simulator-1.32.0-py3-none-any.whl (232 kB)
#11 92.08 Downloading antlr4_python3_runtime-4.13.2-py3-none-any.whl (144 kB)
#11 92.10 Downloading amazon_braket_schemas-1.27.0-py3-none-any.whl (152 kB)
#11 92.12 Downloading attrs-25.4.0-py3-none-any.whl (67 kB)
#11 92.13 Downloading bcrypt-5.0.0-cp39-abi3-manylinux_2_34_x86_64.whl (278 kB)
#11 92.16 Downloading certifi-2025.11.12-py3-none-any.whl (159 kB)
#11 92.18 Downloading cffi-2.0.0-cp310-cp310-manylinux2014_x86_64.manylinux_2_17_x86_64.whl (216 kB)
#11 92.21 Downloading contourpy-1.3.2-cp310-cp310-manylinux_2_17_x86_64.manylinux2014_x86_64.whl (325 kB)
#11 92.25 Downloading coverage-7.13.0-cp310-cp310-manylinux1_x86_64.manylinux_2_28_x86_64.manylinux_2_5_x86_64.whl (247 kB)
#11 92.28 Downloading cycler-0.12.1-py3-none-any.whl (8.3 kB)
#11 92.28 Downloading dill-0.4.0-py3-none-any.whl (119 kB)
#11 92.30 Downloading duet-0.2.9-py3-none-any.whl (29 kB)
#11 92.31 Downloading exceptiongroup-1.3.1-py3-none-any.whl (16 kB)
#11 92.32 Downloading fastrlock-0.8.3-cp310-cp310-manylinux_2_5_x86_64.manylinux1_x86_64.manylinux_2_28_x86_64.whl (53 kB)
#11 92.33 Downloading fonttools-4.61.1-cp310-cp310-manylinux2014_x86_64.manylinux_2_17_x86_64.whl (4.9 MB)
#11 92.74    ━━━━━━━━━━━━━━━━━━━━━━━━━━━━━━━━━━━━━━━━ 4.9/4.9 MB 11.8 MB/s  0:00:00
#11 92.75 Downloading google_api_core-2.28.1-py3-none-any.whl (173 kB)
#11 92.77 Downloading google_auth-2.43.0-py2.py3-none-any.whl (223 kB)
#11 92.80 Downloading cachetools-6.2.3-py3-none-any.whl (11 kB)
#11 92.80 Downloading googleapis_common_protos-1.72.0-py3-none-any.whl (297 kB)
#11 92.84 Downloading proto_plus-1.26.1-py3-none-any.whl (50 kB)
#11 92.85 Downloading rsa-4.9.1-py3-none-any.whl (34 kB)
#11 92.85 Downloading grpcio-1.76.0-cp310-cp310-manylinux2014_x86_64.manylinux_2_17_x86_64.whl (6.6 MB)
#11 93.42    ━━━━━━━━━━━━━━━━━━━━━━━━━━━━━━━━━━━━━━━━ 6.6/6.6 MB 11.8 MB/s  0:00:00
#11 93.44 Downloading grpcio_status-1.71.2-py3-none-any.whl (14 kB)
#11 93.45 Downloading typing_extensions-4.15.0-py3-none-any.whl (44 kB)
#11 93.46 Downloading ibm_platform_services-0.72.0-py3-none-any.whl (378 kB)
#11 93.51 Downloading ibm_cloud_sdk_core-3.24.2-py3-none-any.whl (75 kB)
#11 93.52 Downloading PyJWT-2.10.1-py3-none-any.whl (22 kB)
#11 93.53 Downloading iniconfig-2.3.0-py3-none-any.whl (7.5 kB)
#11 93.54 Downloading invoke-2.2.1-py3-none-any.whl (160 kB)
#11 93.56 Downloading isodate-0.7.2-py3-none-any.whl (22 kB)
#11 93.57 Downloading kiwisolver-1.4.9-cp310-cp310-manylinux_2_12_x86_64.manylinux2010_x86_64.whl (1.6 MB)
#11 93.71    ━━━━━━━━━━━━━━━━━━━━━━━━━━━━━━━━━━━━━━━━ 1.6/1.6 MB 11.6 MB/s  0:00:00
#11 93.75 Downloading markdown_it_py-4.0.0-py3-none-any.whl (87 kB)
#11 93.77 Downloading mdurl-0.1.2-py3-none-any.whl (10.0 kB)
#11 93.78 Downloading msal-1.34.0-py3-none-any.whl (116 kB)
#11 93.80 Downloading msal_extensions-1.3.1-py3-none-any.whl (20 kB)
#11 93.81 Downloading mypy_extensions-1.1.0-py3-none-any.whl (5.0 kB)
#11 93.81 Downloading openpulse-1.0.1-py3-none-any.whl (537 kB)
#11 93.86    ━━━━━━━━━━━━━━━━━━━━━━━━━━━━━━━━━━━━━━━━ 537.8/537.8 kB 11.9 MB/s  0:00:00
#11 93.89 Downloading openqasm3-1.0.1-py3-none-any.whl (541 kB)
#11 93.94    ━━━━━━━━━━━━━━━━━━━━━━━━━━━━━━━━━━━━━━━━ 541.5/541.5 kB 10.8 MB/s  0:00:00
#11 93.97 Downloading packaging-25.0-py3-none-any.whl (66 kB)
#11 93.99 Downloading pathspec-0.12.1-py3-none-any.whl (31 kB)
#11 94.00 Downloading pennylane_lightning-0.42.0-cp310-cp310-manylinux_2_28_x86_64.whl (2.6 MB)
#11 94.22    ━━━━━━━━━━━━━━━━━━━━━━━━━━━━━━━━━━━━━━━━ 2.6/2.6 MB 11.8 MB/s  0:00:00
#11 94.23 Downloading pillow-12.0.0-cp310-cp310-manylinux_2_27_x86_64.manylinux_2_28_x86_64.whl (7.0 MB)
#11 94.83    ━━━━━━━━━━━━━━━━━━━━━━━━━━━━━━━━━━━━━━━━ 7.0/7.0 MB 11.8 MB/s  0:00:00
#11 94.83 Downloading platformdirs-4.5.1-py3-none-any.whl (18 kB)
#11 94.84 Downloading psutil-7.1.3-cp36-abi3-manylinux2010_x86_64.manylinux_2_12_x86_64.manylinux_2_28_x86_64.whl (263 kB)
#11 94.87 Downloading pyasn1-0.6.1-py3-none-any.whl (83 kB)
#11 94.88 Downloading pyasn1_modules-0.4.2-py3-none-any.whl (181 kB)
#11 94.90 Downloading pydantic-2.12.5-py3-none-any.whl (463 kB)
#11 94.95 Downloading pydantic_core-2.41.5-cp310-cp310-manylinux_2_17_x86_64.manylinux2014_x86_64.whl (2.1 MB)
#11 95.13    ━━━━━━━━━━━━━━━━━━━━━━━━━━━━━━━━━━━━━━━━ 2.1/2.1 MB 12.0 MB/s  0:00:00
#11 95.13 Downloading annotated_types-0.7.0-py3-none-any.whl (13 kB)
#11 95.14 Downloading pynacl-1.6.1-cp38-abi3-manylinux_2_34_x86_64.whl (1.4 MB)
#11 95.26    ━━━━━━━━━━━━━━━━━━━━━━━━━━━━━━━━━━━━━━━━ 1.4/1.4 MB 11.9 MB/s  0:00:00
#11 95.27 Downloading pyparsing-3.2.5-py3-none-any.whl (113 kB)
#11 95.29 Downloading pytokens-0.3.0-py3-none-any.whl (12 kB)
#11 95.29 Downloading pytz-2025.2-py2.py3-none-any.whl (509 kB)
#11 95.35 Downloading requests_ntlm-1.3.0-py3-none-any.whl (6.6 kB)
#11 95.36 Downloading pyspnego-0.12.0-py3-none-any.whl (130 kB)
#11 95.38 Downloading requests_oauthlib-2.0.0-py2.py3-none-any.whl (24 kB)
#11 95.38 Downloading oauthlib-3.3.1-py3-none-any.whl (160 kB)
#11 95.41 Downloading rustworkx-0.17.1-cp39-abi3-manylinux_2_17_x86_64.manylinux2014_x86_64.whl (2.2 MB)
#11 95.60    ━━━━━━━━━━━━━━━━━━━━━━━━━━━━━━━━━━━━━━━━ 2.2/2.2 MB 11.9 MB/s  0:00:00
#11 95.61 Downloading scipy_openblas32-0.3.30.0.8-py3-none-manylinux2014_x86_64.manylinux_2_17_x86_64.whl (8.6 MB)
#11 96.34    ━━━━━━━━━━━━━━━━━━━━━━━━━━━━━━━━━━━━━━━━ 8.6/8.6 MB 11.8 MB/s  0:00:00
#11 96.35 Downloading six-1.17.0-py2.py3-none-any.whl (11 kB)
#11 96.36 Downloading stevedore-5.6.0-py3-none-any.whl (54 kB)
#11 96.37 Downloading tomli-2.3.0-py3-none-any.whl (14 kB)
#11 96.37 Downloading tqdm-4.67.1-py3-none-any.whl (78 kB)
#11 96.39 Downloading typing_inspection-0.4.2-py3-none-any.whl (14 kB)
#11 96.40 Downloading tzdata-2025.3-py2.py3-none-any.whl (348 kB)
#11 96.43 Downloading appdirs-1.4.4-py2.py3-none-any.whl (9.6 kB)
#11 96.44 Downloading autograd-1.8.0-py3-none-any.whl (51 kB)
#11 96.45 Downloading backoff-2.2.1-py3-none-any.whl (15 kB)
#11 96.46 Downloading backports.entry_points_selectable-1.3.0-py3-none-any.whl (6.2 kB)
#11 96.46 Downloading boltons-25.0.0-py3-none-any.whl (194 kB)
#11 96.49 Downloading diastatic_malt-2.15.2-py3-none-any.whl (167 kB)
#11 96.51 Downloading astunparse-1.6.3-py2.py3-none-any.whl (12 kB)
#11 96.52 Downloading gast-0.7.0-py3-none-any.whl (22 kB)
#11 96.52 Downloading lxml-6.0.2-cp310-cp310-manylinux_2_26_x86_64.manylinux_2_28_x86_64.whl (5.3 MB)
#11 96.98    ━━━━━━━━━━━━━━━━━━━━━━━━━━━━━━━━━━━━━━━━ 5.3/5.3 MB 11.8 MB/s  0:00:00
#11 96.98 Downloading nest_asyncio-1.6.0-py3-none-any.whl (5.2 kB)
#11 96.99 Downloading numba-0.63.1-cp310-cp310-manylinux2014_x86_64.manylinux_2_17_x86_64.whl (3.7 MB)
#11 97.31    ━━━━━━━━━━━━━━━━━━━━━━━━━━━━━━━━━━━━━━━━ 3.7/3.7 MB 11.8 MB/s  0:00:00
#11 97.32 Downloading llvmlite-0.46.0-cp310-cp310-manylinux2014_x86_64.manylinux_2_17_x86_64.whl (56.3 MB)
#11 102.2    ━━━━━━━━━━━━━━━━━━━━━━━━━━━━━━━━━━━━━━━━ 56.3/56.3 MB 11.5 MB/s  0:00:04
#11 102.2 Downloading opt_einsum-3.4.0-py3-none-any.whl (71 kB)
#11 102.2 Downloading pycparser-2.23-py3-none-any.whl (118 kB)
#11 102.3 Downloading termcolor-3.2.0-py3-none-any.whl (7.7 kB)
#11 102.3 Downloading tomlkit-0.13.3-py3-none-any.whl (38 kB)
#11 102.3 Downloading typedunits-0.0.1-cp310-cp310-manylinux2014_x86_64.manylinux_2_17_x86_64.manylinux_2_28_x86_64.whl (2.7 MB)
#11 102.5    ━━━━━━━━━━━━━━━━━━━━━━━━━━━━━━━━━━━━━━━━ 2.7/2.7 MB 11.8 MB/s  0:00:00
#11 102.5 Downloading cython-3.2.2-cp310-cp310-manylinux2014_x86_64.manylinux_2_17_x86_64.manylinux_2_28_x86_64.whl (3.5 MB)
#11 102.8    ━━━━━━━━━━━━━━━━━━━━━━━━━━━━━━━━━━━━━━━━ 3.5/3.5 MB 11.8 MB/s  0:00:00
#11 102.8 Downloading wcwidth-0.2.14-py2.py3-none-any.whl (37 kB)
#11 102.8 Downloading webencodings-0.5.1-py2.py3-none-any.whl (11 kB)
#11 107.2 Building wheels for collected packages: cuquantum-python, python-nmap
#11 107.2   Building wheel for cuquantum-python (pyproject.toml): started
#11 107.7   Building wheel for cuquantum-python (pyproject.toml): finished with status 'done'
#11 107.7   Created wheel for cuquantum-python: filename=cuquantum_python-25.3.0.post0-0_cu12-py3-none-any.whl size=6746 sha256=41e34963a38d5c34f016efc74ca6534b24c5990d8f7a7a5737ba56110d5c3315
#11 107.7   Stored in directory: /tmp/pip-ephem-wheel-cache-ewko8pte/wheels/05/aa/60/fc8ffc0dbf7e1cdb98423b2d59ad164e512767165fd0a3f141
#11 107.7   Building wheel for python-nmap (pyproject.toml): started
#11 108.2   Building wheel for python-nmap (pyproject.toml): finished with status 'done'
#11 108.2   Created wheel for python-nmap: filename=python_nmap-0.7.1-py2.py3-none-any.whl size=20679 sha256=dc8989ad30f3e26bf1609edce434d1e2586dec00c3411d44f851e34b9dd795c2
#11 108.2   Stored in directory: /tmp/pip-ephem-wheel-cache-ewko8pte/wheels/da/bd/c6/0342ac886d4deb8d166a3191eb2566f738c5b1574cb0a8cd62
#11 108.2 Successfully built cuquantum-python python-nmap
#11 109.2 Installing collected packages: webencodings, sortedcontainers, pytz, python-nmap, openqasm3, mpmath, fastrlock, cutensor-cu12, custatevec-cu12, appdirs, antlr4-python3-runtime, wrapt, wcwidth, validators, urllib3, tzdata, typing-extensions, tqdm, tomlkit, tomli, termcolor, tabulate, sympy, stevedore, six, scipy-openblas32, scapy, pyyaml, pytokens, python-dotenv, pyparsing, PyJWT, pygments, pyflakes, pycryptodome, pycparser, pycodestyle, pyasn1, psutil, protobuf, pluggy, platformdirs, pillow, pathspec, packaging, opt_einsum, oauthlib, numpy, networkx, nest-asyncio, mypy-extensions, mdurl, mccabe, lxml, llvmlite, kiwisolver, jmespath, isodate, invoke, iniconfig, idna, gmpy2, gast, fonttools, duet, dill, cython, cycler, cutensornet-cu12, cudensitymat-cu12, coverage, colorama, cloudpickle, click, charset_normalizer, certifi, cachetools, boltons, bleach, bcrypt, backports.entry-points-selectable, backoff, autoray, attrs, annotated-types, typing-inspection, typedunits, scipy, rustworkx, rsa, requests, python-dateutil, pyshark, pydantic-core, pyasn1-modules, proto-plus, prompt-toolkit, openpulse, numba, markdown-it-py, grpcio, googleapis-common-protos, flake8, exceptiongroup, deprecated, cupy-cuda12x, contourpy, cffi, black, autograd, astunparse, rich, requests-oauthlib, qiskit, pytest, pynacl, pydantic, pandas, oqpy, matplotlib, ibm_cloud_sdk_core, grpcio-status, google-auth, diastatic-malt, cuquantum-python-cu12, cryptography, botocore, azure-core, s3transfer, qiskit-algorithms, qiskit-aer, pytest-cov, pyspnego, paramiko, msrest, ibm-platform-services, google-api-core, cuquantum-python, cirq-core, azure-storage-blob, amazon-braket-schemas, requests-ntlm, msal, cirq-web, cirq-pasqal, cirq-ionq, cirq-aqt, boto3, amazon-braket-default-simulator, qiskit-ibm-runtime, msal-extensions, cirq-google, amazon-braket-sdk, cirq, azure-identity, azure-quantum, pennylane-lightning, pennylane
#11 187.1 
#11 187.2 Successfully installed PyJWT-2.10.1 amazon-braket-default-simulator-1.32.0 amazon-braket-schemas-1.27.0 amazon-braket-sdk-1.106.5 annotated-types-0.7.0 antlr4-python3-runtime-4.13.2 appdirs-1.4.4 astunparse-1.6.3 attrs-25.4.0 autograd-1.8.0 autoray-0.7.2 azure-core-1.37.0 azure-identity-1.25.1 azure-quantum-3.5.0 azure-storage-blob-12.20.0 backoff-2.2.1 backports.entry-points-selectable-1.3.0 bcrypt-5.0.0 black-25.12.0 bleach-6.3.0 boltons-25.0.0 boto3-1.42.9 botocore-1.42.9 cachetools-6.2.3 certifi-2025.11.12 cffi-2.0.0 charset_normalizer-3.4.4 cirq-1.5.0 cirq-aqt-1.5.0 cirq-core-1.5.0 cirq-google-1.5.0 cirq-ionq-1.5.0 cirq-pasqal-1.5.0 cirq-web-1.5.0 click-8.3.1 cloudpickle-2.2.1 colorama-0.4.6 contourpy-1.3.2 coverage-7.13.0 cryptography-46.0.3 cudensitymat-cu12-0.1.0 cupy-cuda12x-13.6.0 cuquantum-python-25.3.0.post0 cuquantum-python-cu12-25.3.0.post0 custatevec-cu12-1.11.0 cutensor-cu12-2.4.1 cutensornet-cu12-2.10.1 cycler-0.12.1 cython-3.2.2 deprecated-1.3.1 diastatic-malt-2.15.2 dill-0.4.0 duet-0.2.9 exceptiongroup-1.3.1 fastrlock-0.8.3 flake8-7.3.0 fonttools-4.61.1 gast-0.7.0 gmpy2-2.2.2 google-api-core-2.28.1 google-auth-2.43.0 googleapis-common-protos-1.72.0 grpcio-1.76.0 grpcio-status-1.71.2 ibm-platform-services-0.72.0 ibm_cloud_sdk_core-3.24.2 idna-3.11 iniconfig-2.3.0 invoke-2.2.1 isodate-0.7.2 jmespath-1.0.1 kiwisolver-1.4.9 llvmlite-0.46.0 lxml-6.0.2 markdown-it-py-4.0.0 matplotlib-3.10.8 mccabe-0.7.0 mdurl-0.1.2 mpmath-1.3.0 msal-1.34.0 msal-extensions-1.3.1 msrest-0.7.1 mypy-extensions-1.1.0 nest-asyncio-1.6.0 networkx-3.4.2 numba-0.63.1 numpy-2.2.6 oauthlib-3.3.1 openpulse-1.0.1 openqasm3-1.0.1 opt_einsum-3.4.0 oqpy-0.3.9 packaging-25.0 pandas-2.3.3 paramiko-4.0.0 pathspec-0.12.1 pennylane-0.42.3 pennylane-lightning-0.42.0 pillow-12.0.0 platformdirs-4.5.1 pluggy-1.6.0 prompt-toolkit-3.0.52 proto-plus-1.26.1 protobuf-5.29.5 psutil-7.1.3 pyasn1-0.6.1 pyasn1-modules-0.4.2 pycodestyle-2.14.0 pycparser-2.23 pycryptodome-3.23.0 pydantic-2.12.5 pydantic-core-2.41.5 pyflakes-3.4.0 pygments-2.19.2 pynacl-1.6.1 pyparsing-3.2.5 pyshark-0.6 pyspnego-0.12.0 pytest-9.0.2 pytest-cov-7.0.0 python-dateutil-2.9.0.post0 python-dotenv-1.2.1 python-nmap-0.7.1 pytokens-0.3.0 pytz-2025.2 pyyaml-6.0.3 qiskit-2.2.3 qiskit-aer-0.17.2 qiskit-algorithms-0.4.0 qiskit-ibm-runtime-0.43.1 requests-2.32.5 requests-ntlm-1.3.0 requests-oauthlib-2.0.0 rich-14.2.0 rsa-4.9.1 rustworkx-0.17.1 s3transfer-0.16.0 scapy-2.6.1 scipy-1.15.3 scipy-openblas32-0.3.30.0.8 six-1.17.0 sortedcontainers-2.4.0 stevedore-5.6.0 sympy-1.14.0 tabulate-0.9.0 termcolor-3.2.0 tomli-2.3.0 tomlkit-0.13.3 tqdm-4.67.1 typedunits-0.0.1 typing-extensions-4.15.0 typing-inspection-0.4.2 tzdata-2025.3 urllib3-2.6.2 validators-0.35.0 wcwidth-0.2.14 webencodings-0.5.1 wrapt-2.0.1
#11 187.2 WARNING: Running pip as the 'root' user can result in broken permissions and conflicting behaviour with the system package manager, possibly rendering your system unusable. It is recommended to use a virtual environment instead: https://pip.pypa.io/warnings/venv. Use the --root-user-action option if you know what you are doing and want to suppress this warning.
#11 DONE 200.8s

#12 [ 8/10] RUN pip3 install --no-cache-dir cuquantum-python-cu12
#12 1.185 Requirement already satisfied: cuquantum-python-cu12 in /usr/local/lib/python3.10/dist-packages (25.3.0.post0)
#12 1.189 Requirement already satisfied: numpy<3.0,>=1.21 in /usr/local/lib/python3.10/dist-packages (from cuquantum-python-cu12) (2.2.6)
#12 1.190 Requirement already satisfied: custatevec-cu12~=1.8 in /usr/local/lib/python3.10/dist-packages (from cuquantum-python-cu12) (1.11.0)
#12 1.190 Requirement already satisfied: cutensornet-cu12~=2.7 in /usr/local/lib/python3.10/dist-packages (from cuquantum-python-cu12) (2.10.1)
#12 1.191 Requirement already satisfied: cudensitymat-cu12~=0.1.0 in /usr/local/lib/python3.10/dist-packages (from cuquantum-python-cu12) (0.1.0)
#12 1.192 Requirement already satisfied: cupy-cuda12x>=13.0 in /usr/local/lib/python3.10/dist-packages (from cuquantum-python-cu12) (13.6.0)
#12 1.194 Requirement already satisfied: cutensor-cu12<3,>=2.2 in /usr/local/lib/python3.10/dist-packages (from cudensitymat-cu12~=0.1.0->cuquantum-python-cu12) (2.4.1)
#12 1.203 Requirement already satisfied: fastrlock>=0.5 in /usr/local/lib/python3.10/dist-packages (from cupy-cuda12x>=13.0->cuquantum-python-cu12) (0.8.3)
#12 1.640 WARNING: Running pip as the 'root' user can result in broken permissions and conflicting behaviour with the system package manager, possibly rendering your system unusable. It is recommended to use a virtual environment instead: https://pip.pypa.io/warnings/venv. Use the --root-user-action option if you know what you are doing and want to suppress this warning.
#12 DONE 4.5s

#13 [ 9/10] RUN useradd -m houdinis
#13 DONE 1.2s

#14 [10/10] RUN chown -R houdinis:houdinis /app
#14 DONE 178.1s

#15 exporting to image
#15 exporting layers
