2025-08-09 18:48:23,908 - houdinis_security - WARNING - Path traversal attempt: ../etc/passwd
2025-08-09 18:48:23,908 - houdinis_security - WARNING - Path traversal attempt: /etc/shadow
2025-08-09 18:48:23,909 - houdinis_security - WARNING - Path traversal attempt: ../../test.txt
2025-08-09 18:48:23,910 - houdinis_security - WARNING - Path traversal attempt: /tmp/houdini_secure_g49uvy3k/houdini_8j9azjk_.txt
2025-08-09 18:49:00,512 - houdinis_security - WARNING - Path traversal attempt: ../etc/passwd
2025-08-09 18:49:00,513 - houdinis_security - WARNING - Path traversal attempt: /etc/shadow
2025-08-09 18:49:00,513 - houdinis_security - WARNING - Path traversal attempt: ../../test.txt
2025-08-09 18:49:00,513 - houdinis_security - WARNING - Path traversal attempt: /tmp/houdini_secure_b5rev22m/houdini_c8elnqts.txt
2025-08-09 18:49:08,721 - houdinis_security - WARNING - Path traversal attempt: /tmp/houdini_secure_pnl2o51c/houdini_6a_pmou9
2025-08-09 18:49:32,672 - houdinis_security - WARNING - Path traversal attempt: ../etc/passwd
2025-08-09 18:49:32,672 - houdinis_security - WARNING - Path traversal attempt: /etc/shadow
2025-08-09 18:49:32,673 - houdinis_security - WARNING - Path traversal attempt: ../../test.txt
2025-08-09 18:49:32,673 - houdinis_security - INFO - Security Event: file_write - {'path': '/tmp/houdini_secure_h3sxgknz/houdini_sxhqolzs.txt', 'size': '21'}
2025-08-09 18:49:32,673 - houdinis_security - WARNING - Path traversal attempt: /tmp/houdini_secure_h3sxgknz/houdini_sxhqolzs.txt
2025-08-09 18:49:32,674 - houdinis_security - WARNING - Path traversal attempt: /tmp/houdini_secure_h3sxgknz/houdini_sxhqolzs.txt
2025-08-09 19:00:07,590 - houdinis_security - WARNING - Path traversal attempt: ../etc/passwd
2025-08-09 19:00:07,591 - houdinis_security - WARNING - Path traversal attempt: /etc/shadow
2025-08-09 19:00:07,591 - houdinis_security - WARNING - Path traversal attempt: ../../test.txt
2025-08-09 19:00:07,592 - houdinis_security - INFO - Security Event: file_write - {'path': '/tmp/houdini_secure_t4orjgrq/houdini_91ad1jgt.txt', 'size': '21'}
2025-08-09 19:00:07,592 - houdinis_security - WARNING - Path traversal attempt: /tmp/houdini_secure_t4orjgrq/houdini_91ad1jgt.txt
2025-08-09 19:00:07,592 - houdinis_security - WARNING - Path traversal attempt: /tmp/houdini_secure_t4orjgrq/houdini_91ad1jgt.txt
2025-08-09 19:15:11,186 - houdinis_security - WARNING - Path traversal attempt: ../etc/passwd
2025-08-09 19:15:11,186 - houdinis_security - WARNING - Path traversal attempt: /etc/shadow
2025-08-09 19:15:11,187 - houdinis_security - WARNING - Path traversal attempt: ../../test.txt
2025-08-09 19:15:11,187 - houdinis_security - INFO - Security Event: file_write - {'path': '/tmp/houdini_secure_9d2gjvxz/houdini_kb11zwki.txt', 'size': '21'}
2025-08-09 19:15:11,188 - houdinis_security - WARNING - Path traversal attempt: /tmp/houdini_secure_9d2gjvxz/houdini_kb11zwki.txt
2025-08-09 19:15:11,188 - houdinis_security - WARNING - Path traversal attempt: /tmp/houdini_secure_9d2gjvxz/houdini_kb11zwki.txt
2025-08-09 19:16:35,205 - houdinis_security - WARNING - Path traversal attempt: ../etc/passwd
2025-08-09 19:16:35,205 - houdinis_security - WARNING - Path traversal attempt: /etc/shadow
2025-08-09 19:16:35,205 - houdinis_security - WARNING - Path traversal attempt: ../../test.txt
2025-08-09 19:16:35,206 - houdinis_security - INFO - Security Event: file_write - {'path': '/tmp/houdini_secure_nwnuww78/houdini_bgqaijfh.txt', 'size': '21'}
2025-08-09 19:16:35,206 - houdinis_security - WARNING - Path traversal attempt: /tmp/houdini_secure_nwnuww78/houdini_bgqaijfh.txt
2025-08-09 19:16:35,206 - houdinis_security - WARNING - Path traversal attempt: /tmp/houdini_secure_nwnuww78/houdini_bgqaijfh.txt
2025-12-14 22:45:14,252 - houdinis_security - WARNING - Path traversal attempt: /tmp/tmptnri_2ul/test_secure.txt
2025-12-14 22:45:14,253 - houdinis_security - INFO - Security Event: path_traversal_attempt - {'attempted_path': '/tmp/tmptnri_2ul/test_secure.txt', 'base_path': '/home/test/Downloads/github/portifolio/Houdinis'}
2025-12-14 22:45:14,262 - houdinis_security - WARNING - Path traversal attempt: /tmp/tmpgfxsgtd3/test_read.txt
2025-12-14 22:45:14,262 - houdinis_security - WARNING - Path traversal attempt: /tmp/tmpgfxsgtd3/test_read.txt
2025-12-14 22:45:14,262 - houdinis_security - INFO - Security Event: path_traversal_attempt - {'attempted_path': '/tmp/tmpgfxsgtd3/test_read.txt', 'base_path': '/home/test/Downloads/github/portifolio/Houdinis'}
2025-12-14 22:45:14,262 - houdinis_security - INFO - Security Event: path_traversal_attempt - {'attempted_path': '/tmp/tmpgfxsgtd3/test_read.txt', 'base_path': '/home/test/Downloads/github/portifolio/Houdinis'}
2025-12-14 22:45:14,280 - houdinis_security - WARNING - Path traversal attempt: /tmp/tmpiuu70ecr/symlink.txt
2025-12-14 22:45:14,280 - houdinis_security - WARNING - Path traversal attempt: /tmp/tmpiuu70ecr/symlink.txt
2025-12-14 22:45:14,280 - houdinis_security - WARNING - Path traversal attempt: /tmp/tmpiuu70ecr/symlink.txt
2025-12-14 22:45:14,282 - houdinis_security - INFO - Security Event: path_traversal_attempt - {'attempted_path': '/tmp/tmpiuu70ecr/symlink.txt', 'base_path': '/home/test/Downloads/github/portifolio/Houdinis'}
2025-12-14 22:45:14,282 - houdinis_security - INFO - Security Event: path_traversal_attempt - {'attempted_path': '/tmp/tmpiuu70ecr/symlink.txt', 'base_path': '/home/test/Downloads/github/portifolio/Houdinis'}
2025-12-14 22:45:14,282 - houdinis_security - INFO - Security Event: path_traversal_attempt - {'attempted_path': '/tmp/tmpiuu70ecr/symlink.txt', 'base_path': '/home/test/Downloads/github/portifolio/Houdinis'}
2025-12-14 22:59:35,113 - houdinis_security - WARNING - Path traversal attempt: /tmp/tmp2pk37w0p/valid.txt
2025-12-14 22:59:35,113 - houdinis_security - WARNING - Path traversal attempt: /tmp/tmp2pk37w0p/valid.txt
2025-12-14 22:59:35,113 - houdinis_security - WARNING - Path traversal attempt: /tmp/tmp2pk37w0p/valid.txt
2025-12-14 22:59:35,117 - houdinis_security - INFO - Security Event: path_traversal_attempt - {'attempted_path': '/tmp/tmp2pk37w0p/valid.txt', 'base_path': '/home/test/Downloads/github/portifolio/Houdinis'}
2025-12-14 22:59:35,117 - houdinis_security - INFO - Security Event: path_traversal_attempt - {'attempted_path': '/tmp/tmp2pk37w0p/valid.txt', 'base_path': '/home/test/Downloads/github/portifolio/Houdinis'}
2025-12-14 22:59:35,117 - houdinis_security - INFO - Security Event: path_traversal_attempt - {'attempted_path': '/tmp/tmp2pk37w0p/valid.txt', 'base_path': '/home/test/Downloads/github/portifolio/Houdinis'}
2025-12-14 23:45:17,759 - houdinis_security - WARNING - Path traversal attempt: /tmp/tmp3qj56udd/valid.txt
2025-12-14 23:45:17,759 - houdinis_security - WARNING - Path traversal attempt: /tmp/tmp3qj56udd/valid.txt
2025-12-14 23:45:17,759 - houdinis_security - WARNING - Path traversal attempt: /tmp/tmp3qj56udd/valid.txt
2025-12-14 23:45:17,760 - houdinis_security - INFO - Security Event: path_traversal_attempt - {'attempted_path': '/tmp/tmp3qj56udd/valid.txt', 'base_path': '/home/test/Downloads/github/portifolio/Houdinis'}
2025-12-14 23:45:17,760 - houdinis_security - INFO - Security Event: path_traversal_attempt - {'attempted_path': '/tmp/tmp3qj56udd/valid.txt', 'base_path': '/home/test/Downloads/github/portifolio/Houdinis'}
2025-12-14 23:45:17,760 - houdinis_security - INFO - Security Event: path_traversal_attempt - {'attempted_path': '/tmp/tmp3qj56udd/valid.txt', 'base_path': '/home/test/Downloads/github/portifolio/Houdinis'}
